Category: random, # samples: 2910
TP	FP	TN	FN	
1127	33	1377	373
Accuracy: 0.8604810996563574
Precision: 0.971551724137931
Recall: 0.7513333333333333
F1 score: 0.8473684210526315
Yes ratio: 0.39862542955326463
0.847, 0.860, 0.972, 0.751, 0.399
====================================
Category: popular, # samples: 3000
TP	FP	TN	FN	
1133	56	1444	367
Accuracy: 0.859
Precision: 0.9529015979814971
Recall: 0.7553333333333333
F1 score: 0.8426924507251766
Yes ratio: 0.3963333333333333
0.843, 0.859, 0.953, 0.755, 0.396
====================================
Category: adversarial, # samples: 3000
TP	FP	TN	FN	
1131	103	1397	369
Accuracy: 0.8426666666666667
Precision: 0.9165316045380876
Recall: 0.754
F1 score: 0.8273591806876371
Yes ratio: 0.41133333333333333
0.827, 0.843, 0.917, 0.754, 0.411
====================================
