Category: random, # samples: 2910
TP	FP	TN	FN	
1156	37	1373	344
Accuracy: 0.8690721649484536
Precision: 0.9689857502095558
Recall: 0.7706666666666667
F1 score: 0.8585220943186039
Yes ratio: 0.4099656357388316
0.859, 0.869, 0.969, 0.771, 0.410
====================================
Category: popular, # samples: 3000
TP	FP	TN	FN	
1155	58	1442	345
Accuracy: 0.8656666666666667
Precision: 0.9521846661170651
Recall: 0.77
F1 score: 0.8514559528197567
Yes ratio: 0.4043333333333333
0.851, 0.866, 0.952, 0.770, 0.404
====================================
Category: adversarial, # samples: 3000
TP	FP	TN	FN	
1155	106	1394	345
Accuracy: 0.8496666666666667
Precision: 0.91593973037272
Recall: 0.77
F1 score: 0.8366533864541833
Yes ratio: 0.42033333333333334
0.837, 0.850, 0.916, 0.770, 0.420
====================================
